{
  "stats": {
    "suites": 1,
    "tests": 2,
    "passes": 2,
    "pending": 0,
    "failures": 0,
    "start": "2024-01-07T13:39:46.625Z",
    "end": "2024-01-07T13:39:55.993Z",
    "duration": 9368,
    "testsRegistered": 2,
    "passPercent": 100,
    "pendingPercent": 0,
    "other": 0,
    "hasOther": false,
    "skipped": 0,
    "hasSkipped": false
  },
  "results": [
    {
      "uuid": "4d779f11-d688-426f-8928-3ebb79a9ab24",
      "title": "",
      "fullFile": "cypress/EcommerceTests/verifyUserIsAbleToBuyProduct.js",
      "file": "cypress/EcommerceTests/verifyUserIsAbleToBuyProduct.js",
      "beforeHooks": [],
      "afterHooks": [],
      "tests": [],
      "suites": [
        {
          "uuid": "bafc179c-2758-4352-8846-0892257bc964",
          "title": "E-Shopping",
          "fullFile": "",
          "file": "",
          "beforeHooks": [],
          "afterHooks": [],
          "tests": [
            {
              "title": "login Validation",
              "fullTitle": "E-Shopping login Validation",
              "timedOut": null,
              "duration": 3633,
              "state": "passed",
              "speed": "fast",
              "pass": true,
              "fail": false,
              "pending": false,
              "context": null,
              "code": "homePage.setName(name).setGenderBox(genderArray[Math.floor(Math.random() * 2)]).assertTwoWayDataBindings(name).assertMinLength().disableEntrepenurRadioButton().enableEntrepenurRadioButton().clickShopButton();",
              "err": {},
              "uuid": "e3df98f4-6d68-4a74-ab05-1845e8940abd",
              "parentUUID": "bafc179c-2758-4352-8846-0892257bc964",
              "isHook": false,
              "skipped": false
            },
            {
              "title": "Validate able to select products",
              "fullTitle": "E-Shopping Validate able to select products",
              "timedOut": null,
              "duration": 5684,
              "state": "passed",
              "speed": "medium",
              "pass": true,
              "fail": false,
              "pending": false,
              "context": null,
              "code": "productPage.selectProduct(productNames).clickCheckout().ValidateTotalPriceIsCorrect().ContinueCheckout().setDelivaryLocation(countryArray[Math.floor(Math.random() * 2)]).setCountry().agreeWithTermsAndCondtion().clickOnPurchaseButton().ValidateSucessMessage();",
              "err": {},
              "uuid": "ea60f5e2-011e-4890-a9bd-b0145db370ce",
              "parentUUID": "bafc179c-2758-4352-8846-0892257bc964",
              "isHook": false,
              "skipped": false
            }
          ],
          "suites": [],
          "passes": [
            "e3df98f4-6d68-4a74-ab05-1845e8940abd",
            "ea60f5e2-011e-4890-a9bd-b0145db370ce"
          ],
          "failures": [],
          "pending": [],
          "skipped": [],
          "duration": 9317,
          "root": false,
          "rootEmpty": false,
          "_timeout": 2000
        }
      ],
      "passes": [],
      "failures": [],
      "pending": [],
      "skipped": [],
      "duration": 0,
      "root": true,
      "rootEmpty": true,
      "_timeout": 2000
    }
  ],
  "meta": {
    "mocha": {
      "version": "7.0.1"
    },
    "mochawesome": {
      "options": {
        "quiet": false,
        "reportFilename": "mochawesome",
        "saveHtml": true,
        "saveJson": true,
        "consoleReporter": "spec",
        "useInlineDiffs": false,
        "code": true
      },
      "version": "7.1.3"
    },
    "marge": {
      "options": {
        "charts": true,
        "hml": true,
        "reportPageTitle": "Cypress Automation Report",
        "embeddedScreenshots": true,
        "inlineAssets": true,
        "saveAllAttempts": false
      },
      "version": "6.2.0"
    }
  }
}